<?xml version="1.0" encoding="UTF-8"?>
<!-- Generated by org.testng.reporters.JUnitXMLReporter -->
<testsuite hostname="DESKTOP-TP1HFNU" name="Test" tests="1" failures="0" timestamp="3 Jan 2020 14:59:05 GMT" time="16.364" errors="0">
  <testcase name="@BeforeMethod launch" time="0.0" classname="com.parameters.ParameterPassingP">
    <failure type="org.openqa.selenium.SessionNotCreatedException" message="session not created
from chrome not reachable
  (Session info: chrome=79.0.3945.88)
Build info: version: &amp;apos;3.11.0&amp;apos;, revision: &amp;apos;e59cfb3&amp;apos;, time: &amp;apos;2018-03-11T20:26:55.152Z&amp;apos;
System info: host: &amp;apos;DESKTOP-TP1HFNU&amp;apos;, ip: &amp;apos;127.0.0.1&amp;apos;, os.name: &amp;apos;Windows 10&amp;apos;, os.arch: &amp;apos;amd64&amp;apos;, os.version: &amp;apos;10.0&amp;apos;, java.version: &amp;apos;1.8.0_231&amp;apos;
Driver info: driver.version: ChromeDriver
remote stacktrace: Backtrace:
	Ordinal0 [0x0042A923+1550627]
	Ordinal0 [0x003AA731+1025841]
	Ordinal0 [0x0032C5BE+509374]
	Ordinal0 [0x003262F2+484082]
	Ordinal0 [0x003269CB+485835]
	Ordinal0 [0x00327B35+490293]
	Ordinal0 [0x00323AB5+473781]
	Ordinal0 [0x0032D360+512864]
	Ordinal0 [0x002DB649+177737]
	Ordinal0 [0x002DA8ED+174317]
	Ordinal0 [0x002D8CDB+167131]
	Ordinal0 [0x002C144A+70730]
	Ordinal0 [0x002C24D0+74960]
	Ordinal0 [0x002C2469+74857]
	Ordinal0 [0x003C42F7+1131255]
	GetHandleVerifier [0x004C711D+523789]
	GetHandleVerifier [0x004C6EB0+523168]
	GetHandleVerifier [0x004CE207+552695]
	GetHandleVerifier [0x004C791A+525834]
	Ordinal0 [0x003BB82C+1095724]
	Ordinal0 [0x003C636B+1139563]
	Ordinal0 [0x003C64D3+1139923]
	Ordinal0 [0x003C5455+1135701]
	BaseThreadInitThunk [0x76CF6359+25]
	RtlGetAppContainerNamedObjectPath [0x76FF7B74+228]
	RtlGetAppContainerNamedObjectPath [0x76FF7B44+180]
">
      <![CDATA[org.openqa.selenium.SessionNotCreatedException: session not created
from chrome not reachable
  (Session info: chrome=79.0.3945.88)
Build info: version: '3.11.0', revision: 'e59cfb3', time: '2018-03-11T20:26:55.152Z'
System info: host: 'DESKTOP-TP1HFNU', ip: '127.0.0.1', os.name: 'Windows 10', os.arch: 'amd64', os.version: '10.0', java.version: '1.8.0_231'
Driver info: driver.version: ChromeDriver
remote stacktrace: Backtrace:
	Ordinal0 [0x0042A923+1550627]
	Ordinal0 [0x003AA731+1025841]
	Ordinal0 [0x0032C5BE+509374]
	Ordinal0 [0x003262F2+484082]
	Ordinal0 [0x003269CB+485835]
	Ordinal0 [0x00327B35+490293]
	Ordinal0 [0x00323AB5+473781]
	Ordinal0 [0x0032D360+512864]
	Ordinal0 [0x002DB649+177737]
	Ordinal0 [0x002DA8ED+174317]
	Ordinal0 [0x002D8CDB+167131]
	Ordinal0 [0x002C144A+70730]
	Ordinal0 [0x002C24D0+74960]
	Ordinal0 [0x002C2469+74857]
	Ordinal0 [0x003C42F7+1131255]
	GetHandleVerifier [0x004C711D+523789]
	GetHandleVerifier [0x004C6EB0+523168]
	GetHandleVerifier [0x004CE207+552695]
	GetHandleVerifier [0x004C791A+525834]
	Ordinal0 [0x003BB82C+1095724]
	Ordinal0 [0x003C636B+1139563]
	Ordinal0 [0x003C64D3+1139923]
	Ordinal0 [0x003C5455+1135701]
	BaseThreadInitThunk [0x76CF6359+25]
	RtlGetAppContainerNamedObjectPath [0x76FF7B74+228]
	RtlGetAppContainerNamedObjectPath [0x76FF7B44+180]

	at org.openqa.selenium.remote.W3CHandshakeResponse.lambda$new$0(W3CHandshakeResponse.java:57)
	at org.openqa.selenium.remote.W3CHandshakeResponse.lambda$getResponseFunction$2(W3CHandshakeResponse.java:104)
	at org.openqa.selenium.remote.ProtocolHandshake.lambda$createSession$0(ProtocolHandshake.java:123)
	at java.util.stream.ReferencePipeline$3$1.accept(ReferencePipeline.java:193)
	at java.util.Spliterators$ArraySpliterator.tryAdvance(Spliterators.java:958)
	at java.util.stream.ReferencePipeline.forEachWithCancel(ReferencePipeline.java:126)
	at java.util.stream.AbstractPipeline.copyIntoWithCancel(AbstractPipeline.java:499)
	at java.util.stream.AbstractPipeline.copyInto(AbstractPipeline.java:486)
	at java.util.stream.AbstractPipeline.wrapAndCopyInto(AbstractPipeline.java:472)
	at java.util.stream.FindOps$FindOp.evaluateSequential(FindOps.java:152)
	at java.util.stream.AbstractPipeline.evaluate(AbstractPipeline.java:234)
	at java.util.stream.ReferencePipeline.findFirst(ReferencePipeline.java:464)
	at org.openqa.selenium.remote.ProtocolHandshake.createSession(ProtocolHandshake.java:126)
	at org.openqa.selenium.remote.ProtocolHandshake.createSession(ProtocolHandshake.java:73)
	at org.openqa.selenium.remote.HttpCommandExecutor.execute(HttpCommandExecutor.java:136)
	at org.openqa.selenium.remote.service.DriverCommandExecutor.execute(DriverCommandExecutor.java:83)
	at org.openqa.selenium.remote.RemoteWebDriver.execute(RemoteWebDriver.java:545)
	at org.openqa.selenium.remote.RemoteWebDriver.startSession(RemoteWebDriver.java:209)
	at org.openqa.selenium.remote.RemoteWebDriver.<init>(RemoteWebDriver.java:132)
	at org.openqa.selenium.chrome.ChromeDriver.<init>(ChromeDriver.java:181)
	at org.openqa.selenium.chrome.ChromeDriver.<init>(ChromeDriver.java:168)
	at org.openqa.selenium.chrome.ChromeDriver.<init>(ChromeDriver.java:123)
	at com.parameters.ParameterPassingP.launch(ParameterPassingP.java:16)
	at org.apache.maven.surefire.testng.TestNGExecutor.run(TestNGExecutor.java:295)
	at org.apache.maven.surefire.testng.TestNGXmlTestSuite.execute(TestNGXmlTestSuite.java:84)
	at org.apache.maven.surefire.testng.TestNGProvider.invoke(TestNGProvider.java:90)
	at org.apache.maven.surefire.booter.ForkedBooter.invokeProviderInSameClassLoader(ForkedBooter.java:203)
	at org.apache.maven.surefire.booter.ForkedBooter.runSuitesInProcess(ForkedBooter.java:155)
	at org.apache.maven.surefire.booter.ForkedBooter.main(ForkedBooter.java:103)
... Removed 27 stack frames]]>
    </failure>
  </testcase> <!-- @BeforeMethod launch -->
  <testcase name="verifyLogin" time="0.0" classname="com.parameters.ParameterPassingP">
    <skipped/>
  </testcase> <!-- verifyLogin -->
</testsuite> <!-- Test -->
